апр. 05, 2024 7:58:29 PM Main main
INFO: Получение жителей определенного города, говорящих на определенном языке:
апр. 05, 2024 7:58:29 PM Main main
INFO: Тип жителя: Рабочий, Язык: Русский
апр. 05, 2024 7:58:29 PM Main main
INFO: Получение городов, в которых проживают жители определенного типа:
апр. 05, 2024 7:58:29 PM Main main
INFO: Город: Москва, Площадь: 2511.0
апр. 05, 2024 7:58:29 PM Main main
INFO: Город: Санкт-Петербург, Площадь: 1439.0
апр. 05, 2024 7:58:29 PM Main main
INFO: Город: Новосибирск, Площадь: 502.1
апр. 05, 2024 7:58:29 PM Main main
INFO: Город: Екатеринбург, Площадь: 468.7
апр. 05, 2024 7:58:29 PM Main main
INFO: Город: Казань, Площадь: 425.3
апр. 05, 2024 7:58:29 PM Main main
INFO: Получение информации о городе с населением, которое превышает 1 миллион человек:
апр. 05, 2024 7:58:29 PM Main main
INFO: Город с населением более 1 миллиона человек: Москва, Население: 12655000
апр. 05, 2024 7:58:29 PM Main main
INFO: Получение информации о самом древнем типе жителя:
апр. 05, 2024 7:58:29 PM Main main
INFO: Самый древний тип жителя: Рабочий
