2024-03-04 18:27:15,041 [main] INFO  Main  - Starting program
2024-03-04 18:27:15,046 [main] INFO  by.belstu.lab03.Company.Company  - Добавлен сотрудник
2024-03-04 18:27:15,046 [main] INFO  by.belstu.lab03.Company.Company  - Добавлен сотрудник
2024-03-04 18:27:15,047 [main] INFO  by.belstu.lab03.Company.Company  - Добавлен сотрудник
2024-03-04 18:27:15,047 [main] INFO  by.belstu.lab03.Company.Company  - Добавлен сотрудник
2024-03-04 18:27:15,048 [main] INFO  by.belstu.lab03.Company.Company  - Добавлен сотрудник
2024-03-04 18:27:15,048 [main] INFO  by.belstu.lab03.Company.Company  - Пересчет сотрудников
2024-03-04 18:27:15,063 [main] INFO  by.belstu.lab03.Company.Company  - Поиск по опыту работы
2024-03-04 18:27:15,064 [main] INFO  by.belstu.lab03.Company.Company  - Сортировка по зарплате
2024-03-04 18:33:13,017 [main] INFO  Main  - Starting program
2024-03-04 18:33:13,020 [main] INFO  by.belstu.lab03.Company.Company  - Добавлен сотрудник
2024-03-04 18:33:13,020 [main] INFO  by.belstu.lab03.Company.Company  - Добавлен сотрудник
2024-03-04 18:33:13,021 [main] INFO  by.belstu.lab03.Company.Company  - Добавлен сотрудник
2024-03-04 18:33:13,021 [main] INFO  by.belstu.lab03.Company.Company  - Добавлен сотрудник
2024-03-04 18:33:13,021 [main] INFO  by.belstu.lab03.Company.Company  - Добавлен сотрудник
2024-03-04 18:33:13,021 [main] INFO  by.belstu.lab03.Company.Company  - Пересчет сотрудников
2024-03-04 18:33:13,035 [main] INFO  by.belstu.lab03.Company.Company  - Поиск по опыту работы
2024-03-04 18:33:13,035 [main] INFO  by.belstu.lab03.Company.Company  - Сортировка по зарплате
2024-03-22 17:01:55,539 [main] INFO  Main  - Starting program
2024-03-22 17:01:55,553 [main] INFO  by.belstu.lab03.Company.Company  - Добавлен сотрудник
2024-03-22 17:01:55,553 [main] INFO  by.belstu.lab03.Company.Company  - Добавлен сотрудник
2024-03-22 17:01:55,557 [main] INFO  by.belstu.lab03.Company.Company  - Добавлен сотрудник
2024-03-22 17:01:55,557 [main] INFO  by.belstu.lab03.Company.Company  - Добавлен сотрудник
2024-03-22 17:01:55,557 [main] INFO  by.belstu.lab03.Company.Company  - Добавлен сотрудник
2024-03-22 17:01:55,557 [main] INFO  by.belstu.lab03.Company.Company  - Пересчет сотрудников
2024-03-22 17:01:55,570 [main] INFO  by.belstu.lab03.Company.Company  - Поиск по опыту работы
2024-03-22 17:01:55,571 [main] INFO  by.belstu.lab03.Company.Company  - Сортировка по зарплате
2024-03-22 17:30:14,869 [main] INFO  Main  - Starting program
2024-03-22 17:30:14,872 [main] INFO  by.belstu.lab03.Company.Company  - Добавлен сотрудник
2024-03-22 17:30:14,872 [main] INFO  by.belstu.lab03.Company.Company  - Добавлен сотрудник
2024-03-22 17:30:14,873 [main] INFO  by.belstu.lab03.Company.Company  - Добавлен сотрудник
2024-03-22 17:30:14,873 [main] INFO  by.belstu.lab03.Company.Company  - Добавлен сотрудник
2024-03-22 17:30:14,873 [main] INFO  by.belstu.lab03.Company.Company  - Добавлен сотрудник
2024-03-22 17:30:14,873 [main] INFO  by.belstu.lab03.Company.Company  - Пересчет сотрудников
2024-03-22 17:30:14,886 [main] INFO  by.belstu.lab03.Company.Company  - Поиск по опыту работы
2024-03-22 17:30:14,887 [main] INFO  by.belstu.lab03.Company.Company  - Сортировка по зарплате
