01.03.2024 00:18:42 [main] INFO  Main  - Starting program
01.03.2024 00:18:42 [main] INFO  by.belstu.lab03.Company.Company  - Добавлен сотрудник
01.03.2024 00:18:42 [main] INFO  by.belstu.lab03.Company.Company  - Добавлен сотрудник
01.03.2024 00:18:42 [main] INFO  by.belstu.lab03.Company.Company  - Добавлен сотрудник
01.03.2024 00:18:42 [main] INFO  by.belstu.lab03.Company.Company  - Добавлен сотрудник
01.03.2024 00:18:42 [main] INFO  by.belstu.lab03.Company.Company  - Добавлен сотрудник
01.03.2024 00:18:42 [main] INFO  by.belstu.lab03.Company.Company  - Пересчет сотрудников
01.03.2024 00:18:42 [main] INFO  by.belstu.lab03.Company.Company  - Поиск по опыту работы
01.03.2024 00:18:42 [main] INFO  by.belstu.lab03.Company.Company  - Сортировка по зарплате
01.03.2024 00:31:27 [main] INFO  Main  - Starting program
01.03.2024 00:31:27 [main] INFO  by.belstu.lab03.Company.Company  - Добавлен сотрудник
01.03.2024 00:31:27 [main] INFO  by.belstu.lab03.Company.Company  - Добавлен сотрудник
01.03.2024 00:31:27 [main] INFO  by.belstu.lab03.Company.Company  - Добавлен сотрудник
01.03.2024 00:31:27 [main] INFO  by.belstu.lab03.Company.Company  - Добавлен сотрудник
01.03.2024 00:31:27 [main] INFO  by.belstu.lab03.Company.Company  - Добавлен сотрудник
01.03.2024 00:31:27 [main] INFO  by.belstu.lab03.Company.Company  - Пересчет сотрудников
01.03.2024 00:31:27 [main] INFO  by.belstu.lab03.Company.Company  - Поиск по опыту работы
01.03.2024 00:31:27 [main] INFO  by.belstu.lab03.Company.Company  - Сортировка по зарплате
01.03.2024 00:33:06 [main] INFO  Main  - Starting program
01.03.2024 00:33:06 [main] INFO  by.belstu.lab03.Company.Company  - Добавлен сотрудник
01.03.2024 00:33:06 [main] INFO  by.belstu.lab03.Company.Company  - Добавлен сотрудник
01.03.2024 00:33:06 [main] INFO  by.belstu.lab03.Company.Company  - Добавлен сотрудник
01.03.2024 00:33:06 [main] INFO  by.belstu.lab03.Company.Company  - Добавлен сотрудник
01.03.2024 00:33:06 [main] INFO  by.belstu.lab03.Company.Company  - Добавлен сотрудник
01.03.2024 00:33:06 [main] INFO  by.belstu.lab03.Company.Company  - Пересчет сотрудников
01.03.2024 00:33:06 [main] INFO  by.belstu.lab03.Company.Company  - Поиск по опыту работы
01.03.2024 00:33:06 [main] INFO  by.belstu.lab03.Company.Company  - Сортировка по зарплате
01.03.2024 00:33:29 [main] INFO  Main  - Starting program
01.03.2024 00:33:29 [main] INFO  by.belstu.lab03.Company.Company  - Добавлен сотрудник
01.03.2024 00:33:29 [main] INFO  by.belstu.lab03.Company.Company  - Добавлен сотрудник
01.03.2024 00:33:29 [main] INFO  by.belstu.lab03.Company.Company  - Добавлен сотрудник
01.03.2024 00:33:29 [main] INFO  by.belstu.lab03.Company.Company  - Добавлен сотрудник
01.03.2024 00:33:29 [main] INFO  by.belstu.lab03.Company.Company  - Добавлен сотрудник
01.03.2024 00:33:29 [main] INFO  by.belstu.lab03.Company.Company  - Пересчет сотрудников
01.03.2024 00:33:29 [main] INFO  by.belstu.lab03.Company.Company  - Поиск по опыту работы
01.03.2024 00:33:29 [main] INFO  by.belstu.lab03.Company.Company  - Сортировка по зарплате
